[debug] > Exec(early(addDefaultCommands), None, None)
[debug] > Exec(addDefaultCommands, None, None)
[debug] > Exec(early(initialize), None, None)
[debug] > Exec(initialize, None, None)
[debug] > Exec(boot, None, None)
[debug] > Exec(writeSbtVersion, None, None)
[debug] > Exec(reload, None, None)
[debug] > Exec(sbtStashOnFailure, None, None)
[debug] > Exec(onFailure loadFailed, None, None)
[debug] > Exec(loadp, None, None)
[info] welcome to sbt 1.6.2 (Private Build Java 17.0.3)
[debug]       Load.loadUnit: plugins took 141.08132ms
[debug]       Load.loadUnit: defsScala took 0.272403ms
[debug] [Loading] Scanning directory /home/dominik/.sbt/1.0/plugins
[debug] [Loading] Found non-root projects 
[debug] [Loading] Done in /home/dominik/.sbt/1.0/plugins, returning: ()
[debug] deducing auto plugins based on known facts Set(Atom(sbt.plugins.CorePlugin)) and clauses Clauses(Clause(Atom(sbt.plugins.JvmPlugin),Set(Atom(sbt.plugins.IvyPlugin)))
[debug] Clause(Atom(sbt.ScriptedPlugin),Set(Atom(sbt.plugins.JvmPlugin)))
[debug] Clause(Atom(sbt.plugins.SbtPlugin),Set(Atom(sbt.ScriptedPlugin)))
[debug] Clause(Atom(sbt.plugins.SemanticdbPlugin),Set(Atom(sbt.plugins.JvmPlugin)))
[debug] Clause(Atom(sbt.plugins.JUnitXmlReportPlugin),Set(Atom(sbt.plugins.JvmPlugin)))
[debug] Clause(Atom(sbt.plugins.MiniDependencyTreePlugin),Set(Atom(sbt.plugins.JvmPlugin)))
[debug] Clause(Atom(sbt.plugins.CorePlugin),Set(Atom(sbt.plugins.IvyPlugin)))
[debug] Clause(Atom(sbt.plugins.IvyPlugin),Set(Atom(sbt.plugins.JvmPlugin)))
[debug] Clause(Atom(sbt.plugins.JvmPlugin),Set(Atom(sbt.plugins.SemanticdbPlugin)))
[debug] Clause(Atom(sbt.plugins.JvmPlugin),Set(Atom(sbt.plugins.JUnitXmlReportPlugin)))
[debug] Clause(Atom(sbt.plugins.CorePlugin),Set(Atom(sbt.plugins.Giter8TemplatePlugin)))
[debug] Clause(Atom(sbt.plugins.JvmPlugin),Set(Atom(sbt.plugins.MiniDependencyTreePlugin))))
[debug]   :: deduced result: Matched(sbt.plugins.CorePlugin,sbt.plugins.Giter8TemplatePlugin,sbt.plugins.IvyPlugin,sbt.plugins.JvmPlugin,sbt.plugins.MiniDependencyTreePlugin,sbt.plugins.JUnitXmlReportPlugin,sbt.plugins.SemanticdbPlugin)
[debug] Plugins.deducer#function took 17.925347 ms
[debug]           Load.resolveProject(global-plugins) took 40.331234ms
[debug]         Load.loadTransitive: finalizeProject(Project(id global-plugins, base: /home/dominik/.sbt/1.0/plugins, plugins: List(<none>))) took 78.866075ms
[debug] [Loading] Done in /home/dominik/.sbt/1.0/plugins, returning: (global-plugins)
[debug]       Load.loadUnit: loadedProjectsRaw took 110.642395ms
[debug]       Load.loadUnit: cleanEvalClasses took 0.208334ms
[debug]     Load.loadUnit(file:/home/dominik/.sbt/1.0/plugins/, ...) took 267.439834ms
[debug]   Load.apply: load took 487.861236ms
[debug]   Load.apply: resolveProjects took 6.534845ms
[debug]   Load.apply: finalTransforms took 59.076505ms
[debug]   Load.apply: config.delegates took 5.582343ms
[debug]   Load.apply: Def.make(settings)... took 594.694819ms
[debug]   Load.apply: structureIndex took 152.847043ms
[debug]   Load.apply: mkStreams took 3.405635ms
[info] loading global plugins from /home/dominik/.sbt/1.0/plugins
[debug] Running task... Cancel: Signal, check cycles: false, forcegc: true
[debug] Load.defaultLoad until apply took 5185.519182ms
[debug]           Load.loadUnit: plugins took 572.21688ms
[debug]           Load.loadUnit: defsScala took 0.021983ms
[debug] [Loading] Scanning directory /mnt/HDD/praca/basic/basic-application/project
[debug]             Load.loadUnit: mkEval took 231.037515ms
[debug] [Loading] Found non-root projects 
[debug] [Loading] Done in /mnt/HDD/praca/basic/basic-application/project, returning: ()
[debug] deducing auto plugins based on known facts Set(Atom(sbt.plugins.CorePlugin)) and clauses Clauses(Clause(Atom(sbt.plugins.JvmPlugin),Set(Atom(sbt.plugins.IvyPlugin)))
[debug] Clause(Atom(sbt.ScriptedPlugin),Set(Atom(sbt.plugins.JvmPlugin)))
[debug] Clause(Atom(sbt.plugins.SbtPlugin),Set(Atom(sbt.ScriptedPlugin)))
[debug] Clause(Atom(sbt.plugins.SemanticdbPlugin),Set(Atom(sbt.plugins.JvmPlugin)))
[debug] Clause(Atom(sbt.plugins.JUnitXmlReportPlugin),Set(Atom(sbt.plugins.JvmPlugin)))
[debug] Clause(Atom(sbt.plugins.MiniDependencyTreePlugin),Set(Atom(sbt.plugins.JvmPlugin)))
[debug] Clause(Atom(sbt.plugins.CorePlugin),Set(Atom(sbt.plugins.IvyPlugin)))
[debug] Clause(Atom(sbt.plugins.IvyPlugin),Set(Atom(sbt.plugins.JvmPlugin)))
[debug] Clause(Atom(sbt.plugins.JvmPlugin),Set(Atom(sbt.plugins.SemanticdbPlugin)))
[debug] Clause(Atom(sbt.plugins.JvmPlugin),Set(Atom(sbt.plugins.JUnitXmlReportPlugin)))
[debug] Clause(Atom(sbt.plugins.CorePlugin),Set(Atom(sbt.plugins.Giter8TemplatePlugin)))
[debug] Clause(Atom(sbt.plugins.JvmPlugin),Set(Atom(sbt.plugins.MiniDependencyTreePlugin))))
[debug]   :: deduced result: Matched(sbt.plugins.CorePlugin,sbt.plugins.Giter8TemplatePlugin,sbt.plugins.IvyPlugin,sbt.plugins.JvmPlugin,sbt.plugins.MiniDependencyTreePlugin,sbt.plugins.JUnitXmlReportPlugin,sbt.plugins.SemanticdbPlugin)
[debug] Plugins.deducer#function took 62.541893 ms
[info] loading settings for project basic-application-build from plugins.sbt ...
[debug]               Load.resolveProject(basic-application-build) took 170.492084ms
[debug]             Load.loadTransitive: finalizeProject(Project(id basic-application-build, base: /mnt/HDD/praca/basic/basic-application/project, plugins: List(<none>))) took 247.606175ms
[debug] [Loading] Done in /mnt/HDD/praca/basic/basic-application/project, returning: (basic-application-build)
[debug]           Load.loadUnit: loadedProjectsRaw took 5850.20603ms
[debug]           Load.loadUnit: cleanEvalClasses took 119.061939ms
[debug]         Load.loadUnit(file:/mnt/HDD/praca/basic/basic-application/project/, ...) took 6614.14809ms
[debug]       Load.apply: load took 6703.143325ms
[debug]       Load.apply: resolveProjects took 0.102666ms
[debug]       Load.apply: finalTransforms took 56.128657ms
[debug]       Load.apply: config.delegates took 0.471947ms
[debug]       Load.apply: Def.make(settings)... took 441.967077ms
[debug]       Load.apply: structureIndex took 73.612008ms
[debug]       Load.apply: mkStreams took 0.003191ms
[info] loading project definition from /mnt/HDD/praca/basic/basic-application/project
[debug] Running task... Cancel: Signal, check cycles: false, forcegc: true
